<?xml version="1.0" encoding="UTF-8"?>
<!-- Generated by org.testng.reporters.JUnitReportReporter -->
<testsuite hostname="DESKTOP-K0ONJ7J" failures="0" tests="1" name="ghj.launchTest" time="4.605" errors="0" timestamp="2024-10-26T20:42:20 IST" skipped="0">
  <testcase classname="ghj.launchTest" name="testLogin" time="4.605"/>
</testsuite> <!-- ghj.launchTest -->
